#
# There is insufficient memory for the Java Runtime Environment to continue.
# Native memory allocation (malloc) failed to allocate 32784 bytes for Chunk::new
# Possible reasons:
#   The system is out of physical RAM or swap space
#   In 32 bit mode, the process size limit was hit
# Possible solutions:
#   Reduce memory load on the system
#   Increase physical memory or swap space
#   Check if swap backing store is full
#   Use 64 bit Java on a 64 bit OS
#   Decrease Java heap size (-Xmx/-Xms)
#   Decrease number of Java threads
#   Decrease Java thread stack sizes (-Xss)
#   Set larger code cache with -XX:ReservedCodeCacheSize=
# This output file may be truncated or incomplete.
#
#  Out of Memory Error (allocation.cpp:390), pid=17648, tid=0x00000000000017a8
#
# JRE version: Java(TM) SE Runtime Environment (8.0_161-b12) (build 1.8.0_161-b12)
# Java VM: Java HotSpot(TM) 64-Bit Server VM (25.161-b12 mixed mode windows-amd64 compressed oops)
# Failed to write core dump. Minidumps are not enabled by default on client versions of Windows
#

---------------  T H R E A D  ---------------

Current thread (0x000000001b8bd800):  JavaThread "C2 CompilerThread0" daemon [_thread_in_native, id=6056, stack(0x000000001ce10000,0x000000001cf10000)]

Stack: [0x000000001ce10000,0x000000001cf10000]
[error occurred during error reporting (printing stack bounds), id 0xc0000005]

Native frames: (J=compiled Java code, j=interpreted, Vv=VM code, C=native code)


Current CompileTask:
C2:5107406 3661       4       javax.swing.Timer$DoPostEvent::run (95 bytes)


---------------  P R O C E S S  ---------------

Java Threads: ( => current thread )
  0x00000000268a7000 JavaThread "pool-2-thread-12" daemon [_thread_blocked, id=18428, stack(0x0000000029550000,0x0000000029650000)]
  0x00000000268a7800 JavaThread "pool-2-thread-11" daemon [_thread_blocked, id=8504, stack(0x0000000029450000,0x0000000029550000)]
  0x000000002619a000 JavaThread "pool-2-thread-10" daemon [_thread_blocked, id=1172, stack(0x0000000029350000,0x0000000029450000)]
  0x00000000261a0000 JavaThread "pool-2-thread-9" daemon [_thread_blocked, id=15184, stack(0x0000000029250000,0x0000000029350000)]
  0x000000002619f800 JavaThread "pool-2-thread-8" daemon [_thread_blocked, id=16708, stack(0x0000000029150000,0x0000000029250000)]
  0x000000002619e000 JavaThread "pool-2-thread-7" daemon [_thread_blocked, id=17196, stack(0x0000000029050000,0x0000000029150000)]
  0x00000000261a1000 JavaThread "pool-2-thread-6" daemon [_thread_blocked, id=18180, stack(0x0000000028f50000,0x0000000029050000)]
  0x000000002619e800 JavaThread "pool-2-thread-5" daemon [_thread_blocked, id=18352, stack(0x0000000028e50000,0x0000000028f50000)]
  0x000000002619d000 JavaThread "pool-2-thread-4" daemon [_thread_blocked, id=9600, stack(0x0000000028d50000,0x0000000028e50000)]
  0x000000002619c800 JavaThread "pool-2-thread-3" daemon [_thread_blocked, id=15616, stack(0x0000000028a50000,0x0000000028b50000)]
  0x000000002619b000 JavaThread "pool-2-thread-2" daemon [_thread_blocked, id=17412, stack(0x0000000028950000,0x0000000028a50000)]
  0x000000002619b800 JavaThread "pool-2-thread-1" daemon [_thread_blocked, id=16552, stack(0x0000000028850000,0x0000000028950000)]
  0x000000002648b000 JavaThread "Swing-Shell" daemon [_thread_blocked, id=1504, stack(0x0000000027ac0000,0x0000000027bc0000)]
  0x000000002640a000 JavaThread "D3D Screen Updater" daemon [_thread_blocked, id=18412, stack(0x0000000026e70000,0x0000000026f70000)]
  0x0000000002152800 JavaThread "DestroyJavaVM" [_thread_blocked, id=4088, stack(0x0000000002050000,0x0000000002150000)]
  0x000000001dad3800 JavaThread "TimerQueue" daemon [_thread_blocked, id=8288, stack(0x0000000025770000,0x0000000025870000)]
  0x000000001d997800 JavaThread "AWT-EventQueue-0" [_thread_blocked, id=16768, stack(0x0000000025470000,0x0000000025570000)]
  0x000000001d869000 JavaThread "AWT-Windows" daemon [_thread_in_native, id=17796, stack(0x000000001e250000,0x000000001e350000)]
  0x000000001d866000 JavaThread "AWT-Shutdown" [_thread_blocked, id=16456, stack(0x000000001e150000,0x000000001e250000)]
  0x000000001d863800 JavaThread "Java2D Disposer" daemon [_thread_blocked, id=3616, stack(0x000000001e050000,0x000000001e150000)]
  0x000000001b91d800 JavaThread "Service Thread" daemon [_thread_blocked, id=16724, stack(0x000000001d510000,0x000000001d610000)]
  0x000000001b8ed800 JavaThread "C1 CompilerThread2" daemon [_thread_blocked, id=15268, stack(0x000000001d010000,0x000000001d110000)]
  0x000000001b8c3800 JavaThread "C2 CompilerThread1" daemon [_thread_blocked, id=7336, stack(0x000000001cf10000,0x000000001d010000)]
=>0x000000001b8bd800 JavaThread "C2 CompilerThread0" daemon [_thread_in_native, id=6056, stack(0x000000001ce10000,0x000000001cf10000)]
  0x000000001b8bc000 JavaThread "Attach Listener" daemon [_thread_blocked, id=18384, stack(0x000000001cd10000,0x000000001ce10000)]
  0x000000001b8c5000 JavaThread "Signal Dispatcher" daemon [_thread_blocked, id=15168, stack(0x000000001cc10000,0x000000001cd10000)]
  0x000000001b8aa800 JavaThread "Finalizer" daemon [_thread_blocked, id=15368, stack(0x000000001cb10000,0x000000001cc10000)]
  0x0000000002241000 JavaThread "Reference Handler" daemon [_thread_blocked, id=16796, stack(0x000000001ca10000,0x000000001cb10000)]

Other Threads:
  0x000000001b888000 VMThread [stack: 0x000000001c910000,0x000000001ca10000] [id=13616]
  0x000000001b91e000 WatcherThread [stack: 0x000000001d610000,0x000000001d710000] [id=18144]

VM state:not at safepoint (normal execution)

VM Mutex/Monitor currently owned by a thread: None

Heap:
 PSYoungGen      total 76288K, used 18359K [0x000000076ae00000, 0x0000000773200000, 0x00000007c0000000)
  eden space 65536K, 23% used [0x000000076ae00000,0x000000076bd1f698,0x000000076ee00000)
  from space 10752K, 26% used [0x000000076ee00000,0x000000076f0ce5a0,0x000000076f880000)
  to   space 10752K, 0% used [0x0000000772780000,0x0000000772780000,0x0000000773200000)
 ParOldGen       total 88064K, used 8989K [0x00000006c0a00000, 0x00000006c6000000, 0x000000076ae00000)
  object space 88064K, 10% used [0x00000006c0a00000,0x00000006c12c74a0,0x00000006c6000000)
 Metaspace       used 24381K, capacity 24698K, committed 24832K, reserved 1071104K
  class space    used 3167K, capacity 3290K, committed 3328K, reserved 1048576K

Card table byte_map: [0x0000000011610000,0x0000000011e10000] byte_map_base: 0x000000000e00b000

Marking Bits: (ParMarkBitMap*) 0x000000005523f860
 Begin Bits: [0x0000000012770000, 0x0000000016748000)
 End Bits:   [0x0000000016748000, 0x000000001a720000)

Polling page: 0x00000000005f0000

CodeCache: size=245760Kb used=10900Kb max_used=10952Kb free=234859Kb
 bounds [0x0000000002250000, 0x0000000002d20000, 0x0000000011250000]
 total_blobs=3863 nmethods=3255 adapters=520
 compilation: enabled

Compilation events (10 events):
Event: 4931.878 Thread 0x000000001b8c3800 nmethod 3656 0x00000000026aca90 code [0x00000000026acbe0, 0x00000000026accb8]
Event: 4955.905 Thread 0x000000001b8bd800 3657       4       java.util.PriorityQueue::poll (64 bytes)
Event: 4955.905 Thread 0x000000001b8c3800 3658   !   4       java.util.concurrent.DelayQueue::take (214 bytes)
Event: 4955.907 Thread 0x000000001b8bd800 nmethod 3657 0x0000000002494350 code [0x00000000024944a0, 0x00000000024945f8]
Event: 4955.920 Thread 0x000000001b8c3800 nmethod 3658 0x000000000269c910 code [0x000000000269cb40, 0x000000000269d7c0]
Event: 4956.907 Thread 0x000000001b8bd800 3659       4       javax.swing.Timer::post (36 bytes)
Event: 4956.908 Thread 0x000000001b8bd800 nmethod 3659 0x0000000002839e50 code [0x0000000002839fa0, 0x000000000283a108]
Event: 4978.936 Thread 0x000000001b8c3800 3660       4       javax.swing.Timer$1::run (5 bytes)
Event: 4978.942 Thread 0x000000001b8c3800 nmethod 3660 0x00000000026e9190 code [0x00000000026e9380, 0x00000000026e9bb0]
Event: 5107.079 Thread 0x000000001b8bd800 3661       4       javax.swing.Timer$DoPostEvent::run (95 bytes)

GC Heap History (8 events):
Event: 4.324 GC heap before
{Heap before GC invocations=1 (full 0):
 PSYoungGen      total 76288K, used 65536K [0x000000076ae00000, 0x0000000770300000, 0x00000007c0000000)
  eden space 65536K, 100% used [0x000000076ae00000,0x000000076ee00000,0x000000076ee00000)
  from space 10752K, 0% used [0x000000076f880000,0x000000076f880000,0x0000000770300000)
  to   space 10752K, 0% used [0x000000076ee00000,0x000000076ee00000,0x000000076f880000)
 ParOldGen       total 175104K, used 0K [0x00000006c0a00000, 0x00000006cb500000, 0x000000076ae00000)
  object space 175104K, 0% used [0x00000006c0a00000,0x00000006c0a00000,0x00000006cb500000)
 Metaspace       used 19095K, capacity 19328K, committed 19584K, reserved 1067008K
  class space    used 2570K, capacity 2658K, committed 2688K, reserved 1048576K
Event: 4.339 GC heap after
Heap after GC invocations=1 (full 0):
 PSYoungGen      total 76288K, used 10146K [0x000000076ae00000, 0x0000000770300000, 0x00000007c0000000)
  eden space 65536K, 0% used [0x000000076ae00000,0x000000076ae00000,0x000000076ee00000)
  from space 10752K, 94% used [0x000000076ee00000,0x000000076f7e8918,0x000000076f880000)
  to   space 10752K, 0% used [0x000000076f880000,0x000000076f880000,0x0000000770300000)
 ParOldGen       total 175104K, used 27K [0x00000006c0a00000, 0x00000006cb500000, 0x000000076ae00000)
  object space 175104K, 0% used [0x00000006c0a00000,0x00000006c0a06c50,0x00000006cb500000)
 Metaspace       used 19095K, capacity 19328K, committed 19584K, reserved 1067008K
  class space    used 2570K, capacity 2658K, committed 2688K, reserved 1048576K
}
Event: 4.470 GC heap before
{Heap before GC invocations=2 (full 0):
 PSYoungGen      total 76288K, used 28650K [0x000000076ae00000, 0x0000000770300000, 0x00000007c0000000)
  eden space 65536K, 28% used [0x000000076ae00000,0x000000076c011f68,0x000000076ee00000)
  from space 10752K, 94% used [0x000000076ee00000,0x000000076f7e8918,0x000000076f880000)
  to   space 10752K, 0% used [0x000000076f880000,0x000000076f880000,0x0000000770300000)
 ParOldGen       total 175104K, used 27K [0x00000006c0a00000, 0x00000006cb500000, 0x000000076ae00000)
  object space 175104K, 0% used [0x00000006c0a00000,0x00000006c0a06c50,0x00000006cb500000)
 Metaspace       used 20865K, capacity 21088K, committed 21296K, reserved 1067008K
  class space    used 2821K, capacity 2882K, committed 2944K, reserved 1048576K
Event: 4.476 GC heap after
Heap after GC invocations=2 (full 0):
 PSYoungGen      total 76288K, used 9167K [0x000000076ae00000, 0x0000000774300000, 0x00000007c0000000)
  eden space 65536K, 0% used [0x000000076ae00000,0x000000076ae00000,0x000000076ee00000)
  from space 10752K, 85% used [0x000000076f880000,0x0000000770173e08,0x0000000770300000)
  to   space 10752K, 0% used [0x000000076ee00000,0x000000076ee00000,0x000000076f880000)
 ParOldGen       total 175104K, used 43K [0x00000006c0a00000, 0x00000006cb500000, 0x000000076ae00000)
  object space 175104K, 0% used [0x00000006c0a00000,0x00000006c0a0ac50,0x00000006cb500000)
 Metaspace       used 20865K, capacity 21088K, committed 21296K, reserved 1067008K
  class space    used 2821K, capacity 2882K, committed 2944K, reserved 1048576K
}
Event: 4.476 GC heap before
{Heap before GC invocations=3 (full 1):
 PSYoungGen      total 76288K, used 9167K [0x000000076ae00000, 0x0000000774300000, 0x00000007c0000000)
  eden space 65536K, 0% used [0x000000076ae00000,0x000000076ae00000,0x000000076ee00000)
  from space 10752K, 85% used [0x000000076f880000,0x0000000770173e08,0x0000000770300000)
  to   space 10752K, 0% used [0x000000076ee00000,0x000000076ee00000,0x000000076f880000)
 ParOldGen       total 175104K, used 43K [0x00000006c0a00000, 0x00000006cb500000, 0x000000076ae00000)
  object space 175104K, 0% used [0x00000006c0a00000,0x00000006c0a0ac50,0x00000006cb500000)
 Metaspace       used 20865K, capacity 21088K, committed 21296K, reserved 1067008K
  class space    used 2821K, capacity 2882K, committed 2944K, reserved 1048576K
Event: 4.502 GC heap after
Heap after GC invocations=3 (full 1):
 PSYoungGen      total 76288K, used 0K [0x000000076ae00000, 0x0000000774300000, 0x00000007c0000000)
  eden space 65536K, 0% used [0x000000076ae00000,0x000000076ae00000,0x000000076ee00000)
  from space 10752K, 0% used [0x000000076f880000,0x000000076f880000,0x0000000770300000)
  to   space 10752K, 0% used [0x000000076ee00000,0x000000076ee00000,0x000000076f880000)
 ParOldGen       total 88064K, used 8981K [0x00000006c0a00000, 0x00000006c6000000, 0x000000076ae00000)
  object space 88064K, 10% used [0x00000006c0a00000,0x00000006c12c54a0,0x00000006c6000000)
 Metaspace       used 20865K, capacity 21088K, committed 21296K, reserved 1067008K
  class space    used 2821K, capacity 2882K, committed 2944K, reserved 1048576K
}
Event: 2800.278 GC heap before
{Heap before GC invocations=4 (full 1):
 PSYoungGen      total 76288K, used 65536K [0x000000076ae00000, 0x0000000774300000, 0x00000007c0000000)
  eden space 65536K, 100% used [0x000000076ae00000,0x000000076ee00000,0x000000076ee00000)
  from space 10752K, 0% used [0x000000076f880000,0x000000076f880000,0x0000000770300000)
  to   space 10752K, 0% used [0x000000076ee00000,0x000000076ee00000,0x000000076f880000)
 ParOldGen       total 88064K, used 8981K [0x00000006c0a00000, 0x00000006c6000000, 0x000000076ae00000)
  object space 88064K, 10% used [0x00000006c0a00000,0x00000006c12c54a0,0x00000006c6000000)
 Metaspace       used 24380K, capacity 24698K, committed 24832K, reserved 1071104K
  class space    used 3167K, capacity 3290K, committed 3328K, reserved 1048576K
Event: 2800.301 GC heap after
Heap after GC invocations=4 (full 1):
 PSYoungGen      total 76288K, used 2873K [0x000000076ae00000, 0x0000000773200000, 0x00000007c0000000)
  eden space 65536K, 0% used [0x000000076ae00000,0x000000076ae00000,0x000000076ee00000)
  from space 10752K, 26% used [0x000000076ee00000,0x000000076f0ce5a0,0x000000076f880000)
  to   space 10752K, 0% used [0x0000000772780000,0x0000000772780000,0x0000000773200000)
 ParOldGen       total 88064K, used 8989K [0x00000006c0a00000, 0x00000006c6000000, 0x000000076ae00000)
  object space 88064K, 10% used [0x00000006c0a00000,0x00000006c12c74a0,0x00000006c6000000)
 Metaspace       used 24380K, capacity 24698K, committed 24832K, reserved 1071104K
  class space    used 3167K, capacity 3290K, committed 3328K, reserved 1048576K
}

Deoptimization events (10 events):
Event: 4.385 Thread 0x000000001d997800 Uncommon trap: reason=unstable_if action=reinterpret pc=0x0000000002487434 method=java.lang.String.indexOf([CII[CIII)I @ 3
Event: 4.636 Thread 0x000000001d997800 Uncommon trap: reason=bimorphic action=maybe_recompile pc=0x00000000027e4efc method=java.util.HashMap.putVal(ILjava/lang/Object;Ljava/lang/Object;ZZ)Ljava/lang/Object; @ 203
Event: 4.636 Thread 0x000000001d997800 Uncommon trap: reason=bimorphic action=maybe_recompile pc=0x00000000027e4efc method=java.util.HashMap.putVal(ILjava/lang/Object;Ljava/lang/Object;ZZ)Ljava/lang/Object; @ 203
Event: 4.666 Thread 0x000000001d997800 Uncommon trap: reason=unstable_if action=reinterpret pc=0x0000000002549c5c method=java.nio.channels.spi.AbstractInterruptibleChannel.end(Z)V @ 31
Event: 4.699 Thread 0x000000001d997800 Uncommon trap: reason=unstable_if action=reinterpret pc=0x000000000268a518 method=sun.util.logging.PlatformLogger.isLoggable(Lsun/util/logging/PlatformLogger$Level;)Z @ 18
Event: 5.673 Thread 0x000000001d997800 Uncommon trap: reason=unstable_if action=reinterpret pc=0x000000000256c228 method=sun.nio.ch.Util$BufferCache.get(I)Ljava/nio/ByteBuffer; @ 47
Event: 246.034 Thread 0x000000001d997800 Uncommon trap: reason=unstable_if action=reinterpret pc=0x0000000002b703e8 method=sun.java2d.pipe.Region.getIntersectionXYXY(IIII)Lsun/java2d/pipe/Region; @ 72
Event: 246.034 Thread 0x000000001d997800 Uncommon trap: reason=unstable_if action=reinterpret pc=0x0000000002b703e8 method=sun.java2d.pipe.Region.getIntersectionXYXY(IIII)Lsun/java2d/pipe/Region; @ 72
Event: 246.051 Thread 0x000000001d997800 Uncommon trap: reason=unstable_if action=reinterpret pc=0x000000000283a074 method=sun.java2d.pipe.Region.getIntersectionXYXY(IIII)Lsun/java2d/pipe/Region; @ 72
Event: 633.416 Thread 0x000000001d997800 Uncommon trap: reason=unstable_if action=reinterpret pc=0x000000000264cad0 method=java.util.concurrent.locks.LockSupport.unpark(Ljava/lang/Thread;)V @ 1

Classes redefined (0 events):
No events

Internal exceptions (10 events):
Event: 0.139 Thread 0x0000000002152800 Exception <a 'java/security/PrivilegedActionException'> (0x000000076aecf748) thrown at [C:\re\workspace\8-2-build-windows-amd64-cygwin\jdk8u161\10277\hotspot\src\share\vm\prims\jvm.cpp, line 1390]
Event: 0.143 Thread 0x0000000002152800 Exception <a 'java/io/FileNotFoundException'> (0x000000076aed1a98) thrown at [C:\re\workspace\8-2-build-windows-amd64-cygwin\jdk8u161\10277\hotspot\src\share\vm\prims\jni.cpp, line 709]
Event: 0.174 Thread 0x0000000002152800 Exception <a 'java/lang/NoSuchFieldError': method resolution failed> (0x000000076b0ea1a8) thrown at [C:\re\workspace\8-2-build-windows-amd64-cygwin\jdk8u161\10277\hotspot\src\share\vm\prims\methodHandles.cpp, line 1167]
Event: 0.178 Thread 0x0000000002152800 Exception <a 'java/lang/NoSuchFieldError': method resolution failed> (0x000000076b0f74f8) thrown at [C:\re\workspace\8-2-build-windows-amd64-cygwin\jdk8u161\10277\hotspot\src\share\vm\prims\methodHandles.cpp, line 1167]
Event: 0.231 Thread 0x0000000002152800 Exception <a 'java/io/FileNotFoundException'> (0x000000076b1ae110) thrown at [C:\re\workspace\8-2-build-windows-amd64-cygwin\jdk8u161\10277\hotspot\src\share\vm\prims\jni.cpp, line 709]
Event: 2.741 Thread 0x000000001d997800 Implicit null exception at 0x000000000253ed5a to 0x000000000253edf5
Event: 4.370 Thread 0x000000001d997800 Implicit null exception at 0x0000000002596f96 to 0x00000000025974e5
Event: 4.383 Thread 0x000000001d997800 Implicit null exception at 0x000000000276ac52 to 0x000000000276b999
Event: 9.566 Thread 0x000000001d997800 Exception <a 'java/lang/NullPointerException'> (0x000000076c57d948) thrown at [C:\re\workspace\8-2-build-windows-amd64-cygwin\jdk8u161\10277\hotspot\src\share\vm\prims\jvm.cpp, line 1394]
Event: 9.566 Thread 0x000000001d997800 Exception <a 'java/lang/NullPointerException'> (0x000000076c57d948) thrown at [C:\re\workspace\8-2-build-windows-amd64-cygwin\jdk8u161\10277\hotspot\src\share\vm\prims\jvm.cpp, line 1394]

Events (10 events):
Event: 3824.550 Thread 0x000000001b8c3800 flushing nmethod 0x0000000002688710
Event: 3824.551 Thread 0x000000001b8c3800 flushing nmethod 0x000000000269ae90
Event: 3824.551 Thread 0x000000001b8c3800 flushing nmethod 0x000000000269c910
Event: 4721.620 Thread 0x000000001b8c3800 flushing nmethod 0x00000000026ac910
Event: 4721.620 Thread 0x000000001b8c3800 flushing nmethod 0x00000000026ad790
Event: 4721.621 Thread 0x000000001b8c3800 flushing nmethod 0x00000000026c8310
Event: 4721.621 Thread 0x000000001b8c3800 flushing nmethod 0x00000000026e54d0
Event: 4721.621 Thread 0x000000001b8c3800 flushing nmethod 0x00000000026e8f10
Event: 4931.879 Thread 0x000000001b8c3800 flushing nmethod 0x0000000002839d10
Event: 4956.908 Thread 0x000000001b8bd800 flushing nmethod 0x00000000029b3150


Dynamic libraries:
0x00007ff6580c0000 - 0x00007ff6580f7000 	C:\Program Files\Java\jre1.8.0_161\bin\javaw.exe
0x00007ffcda870000 - 0x00007ffcdaa51000 	C:\WINDOWS\SYSTEM32\ntdll.dll
0x00007ffcb2830000 - 0x00007ffcb2842000 	C:\Program Files\AVAST Software\Avast\aswhook.dll
0x00007ffcd8570000 - 0x00007ffcd8622000 	C:\WINDOWS\System32\KERNEL32.DLL
0x00007ffcd7870000 - 0x00007ffcd7ae3000 	C:\WINDOWS\System32\KERNELBASE.dll
0x00007ffcda710000 - 0x00007ffcda7b1000 	C:\WINDOWS\System32\ADVAPI32.dll
0x00007ffcd82d0000 - 0x00007ffcd836e000 	C:\WINDOWS\System32\msvcrt.dll
0x00007ffcd8660000 - 0x00007ffcd86bb000 	C:\WINDOWS\System32\sechost.dll
0x00007ffcd9e50000 - 0x00007ffcd9f74000 	C:\WINDOWS\System32\RPCRT4.dll
0x00007ffcd8370000 - 0x00007ffcd8500000 	C:\WINDOWS\System32\USER32.dll
0x00007ffcd7ce0000 - 0x00007ffcd7d00000 	C:\WINDOWS\System32\win32u.dll
0x00007ffcd81b0000 - 0x00007ffcd81d8000 	C:\WINDOWS\System32\GDI32.dll
0x00007ffcd75d0000 - 0x00007ffcd7762000 	C:\WINDOWS\System32\gdi32full.dll
0x00007ffcd7530000 - 0x00007ffcd75cf000 	C:\WINDOWS\System32\msvcp_win.dll
0x00007ffcd6d20000 - 0x00007ffcd6e18000 	C:\WINDOWS\System32\ucrtbase.dll
0x00007ffcccb30000 - 0x00007ffcccd99000 	C:\WINDOWS\WinSxS\amd64_microsoft.windows.common-controls_6595b64144ccf1df_6.0.17134.648_none_fb45a0e93062a6d2\COMCTL32.dll
0x00007ffcda3e0000 - 0x00007ffcda702000 	C:\WINDOWS\System32\combase.dll
0x00007ffcd6c40000 - 0x00007ffcd6cba000 	C:\WINDOWS\System32\bcryptPrimitives.dll
0x00007ffcd8630000 - 0x00007ffcd865d000 	C:\WINDOWS\System32\IMM32.DLL
0x00000000541e0000 - 0x00000000542b2000 	C:\Program Files\Java\jre1.8.0_161\bin\msvcr100.dll
0x0000000054a20000 - 0x00000000552bf000 	C:\Program Files\Java\jre1.8.0_161\bin\server\jvm.dll
0x00007ffcda250000 - 0x00007ffcda258000 	C:\WINDOWS\System32\PSAPI.DLL
0x00007ffcc8c70000 - 0x00007ffcc8c79000 	C:\WINDOWS\SYSTEM32\WSOCK32.dll
0x00007ffcd8500000 - 0x00007ffcd856c000 	C:\WINDOWS\System32\WS2_32.dll
0x00007ffcd2a40000 - 0x00007ffcd2a63000 	C:\WINDOWS\SYSTEM32\WINMM.dll
0x00007ffcd22a0000 - 0x00007ffcd22aa000 	C:\WINDOWS\SYSTEM32\VERSION.dll
0x00007ffcd2a10000 - 0x00007ffcd2a3a000 	C:\WINDOWS\SYSTEM32\WINMMBASE.dll
0x00007ffcd7820000 - 0x00007ffcd7869000 	C:\WINDOWS\System32\cfgmgr32.dll
0x0000000054a10000 - 0x0000000054a1f000 	C:\Program Files\Java\jre1.8.0_161\bin\verify.dll
0x00000000549e0000 - 0x0000000054a09000 	C:\Program Files\Java\jre1.8.0_161\bin\java.dll
0x00000000549c0000 - 0x00000000549d6000 	C:\Program Files\Java\jre1.8.0_161\bin\zip.dll
0x00007ffcd8a00000 - 0x00007ffcd9e40000 	C:\WINDOWS\System32\SHELL32.dll
0x00007ffcd8840000 - 0x00007ffcd88e9000 	C:\WINDOWS\System32\shcore.dll
0x00007ffcd6e20000 - 0x00007ffcd752d000 	C:\WINDOWS\System32\windows.storage.dll
0x00007ffcd89a0000 - 0x00007ffcd89f1000 	C:\WINDOWS\System32\shlwapi.dll
0x00007ffcd6bb0000 - 0x00007ffcd6bc1000 	C:\WINDOWS\System32\kernel.appcore.dll
0x00007ffcd6bd0000 - 0x00007ffcd6bef000 	C:\WINDOWS\System32\profapi.dll
0x00007ffcd6bf0000 - 0x00007ffcd6c3c000 	C:\WINDOWS\System32\powrprof.dll
0x00007ffcd6ba0000 - 0x00007ffcd6baa000 	C:\WINDOWS\System32\FLTLIB.DLL
0x00000000547b0000 - 0x0000000054948000 	C:\Program Files\Java\jre1.8.0_161\bin\awt.dll
0x00007ffcd9f80000 - 0x00007ffcda043000 	C:\WINDOWS\System32\OLEAUT32.dll
0x00007ffcd4f10000 - 0x00007ffcd4f9b000 	C:\WINDOWS\SYSTEM32\apphelp.dll
0x00007ffcd5080000 - 0x00007ffcd5118000 	C:\WINDOWS\system32\uxtheme.dll
0x00007ffcd86c0000 - 0x00007ffcd8833000 	C:\WINDOWS\System32\MSCTF.dll
0x00007ffcd5310000 - 0x00007ffcd5339000 	C:\WINDOWS\system32\dwmapi.dll
0x00007ffcda260000 - 0x00007ffcda3b1000 	C:\WINDOWS\System32\ole32.dll
0x00007ffcbd260000 - 0x00007ffcbd380000 	C:\WINDOWS\system32\opengl32.dll
0x00007ffcd39f0000 - 0x00007ffcd3a1c000 	C:\WINDOWS\SYSTEM32\GLU32.dll
0x00007ffc8c2a0000 - 0x00007ffc8c437000 	C:\WINDOWS\system32\d3d9.dll
0x00007ffcd0fd0000 - 0x00007ffcd11ac000 	C:\WINDOWS\System32\DriverStore\FileRepository\c0339878.inf_amd64_a1916e56c42a5365\B339766\aticfx64.dll
0x00007ffcbdf00000 - 0x00007ffcbdf31000 	C:\WINDOWS\System32\DriverStore\FileRepository\c0339878.inf_amd64_a1916e56c42a5365\B339766\atiu9p64.dll
0x00007ffc778f0000 - 0x00007ffc78636000 	C:\WINDOWS\System32\DriverStore\FileRepository\c0339878.inf_amd64_a1916e56c42a5365\B339766\atiumd64.dll
0x00000000552c0000 - 0x0000000055fb8000 	C:\WINDOWS\System32\DriverStore\FileRepository\c0339878.inf_amd64_a1916e56c42a5365\B339766\atiumd6a.dll
0x00007ffccfc80000 - 0x00007ffccfcab000 	C:\WINDOWS\SYSTEM32\amdihk64.dll
0x0000000054190000 - 0x00000000541d7000 	C:\Program Files\Java\jre1.8.0_161\bin\fontmanager.dll
0x00000000549a0000 - 0x00000000549ba000 	C:\Program Files\Java\jre1.8.0_161\bin\net.dll
0x00007ffcd6400000 - 0x00007ffcd6466000 	C:\WINDOWS\system32\mswsock.dll
0x0000000054980000 - 0x0000000054991000 	C:\Program Files\Java\jre1.8.0_161\bin\nio.dll
0x0000000054150000 - 0x0000000054181000 	C:\Program Files\Java\jre1.8.0_161\bin\jpeg.dll
0x00007ffcbf360000 - 0x00007ffcbf407000 	C:\WINDOWS\WinSxS\amd64_microsoft.windows.common-controls_6595b64144ccf1df_5.82.17134.648_none_f95200fb3096129f\comctl32.dll
0x0000000054100000 - 0x0000000054142000 	C:\Program Files\Java\jre1.8.0_161\bin\t2k.dll
0x00007ffcd8900000 - 0x00007ffcd89a0000 	C:\WINDOWS\System32\clbcatq.dll
0x00007ffcd2340000 - 0x00007ffcd24ee000 	C:\WINDOWS\SYSTEM32\WindowsCodecs.dll
0x00007ffcbb890000 - 0x00007ffcbb8e8000 	C:\WINDOWS\system32\dataexchange.dll
0x00007ffcd3f40000 - 0x00007ffcd424b000 	C:\WINDOWS\system32\d3d11.dll
0x00007ffcd4820000 - 0x00007ffcd49bc000 	C:\WINDOWS\system32\dcomp.dll
0x00007ffcd5940000 - 0x00007ffcd59fb000 	C:\WINDOWS\system32\dxgi.dll
0x00007ffcd54a0000 - 0x00007ffcd5658000 	C:\WINDOWS\system32\twinapi.appcore.dll
0x00007ffcd5440000 - 0x00007ffcd5469000 	C:\WINDOWS\system32\RMCLIENT.dll
0x00007ffcceb90000 - 0x00007ffccec26000 	C:\WINDOWS\System32\TextInputFramework.dll
0x00007ffcd1bd0000 - 0x00007ffcd1eee000 	C:\WINDOWS\System32\CoreUIComponents.dll
0x00007ffcd4d00000 - 0x00007ffcd4dda000 	C:\WINDOWS\System32\CoreMessaging.dll
0x00007ffcd5d80000 - 0x00007ffcd5db1000 	C:\WINDOWS\SYSTEM32\ntmarta.dll
0x00007ffcd31c0000 - 0x00007ffcd330d000 	C:\WINDOWS\SYSTEM32\wintypes.dll
0x00007ffcd2700000 - 0x00007ffcd28b4000 	C:\WINDOWS\system32\propsys.dll
0x00007ffcbdda0000 - 0x00007ffcbdec7000 	C:\WINDOWS\system32\NetworkExplorer.dll
0x00007ffcd12e0000 - 0x00007ffcd197b000 	C:\Windows\System32\OneCoreUAPCommonProxyStub.dll
0x00007ffcbb330000 - 0x00007ffcbb38c000 	C:\Windows\System32\thumbcache.dll
0x00007ffcd2bd0000 - 0x00007ffcd2c4f000 	C:\WINDOWS\SYSTEM32\policymanager.dll
0x00007ffcd2b30000 - 0x00007ffcd2bc1000 	C:\WINDOWS\SYSTEM32\msvcp110_win.dll
0x00007ffccaaa0000 - 0x00007ffccaaba000 	C:\WINDOWS\SYSTEM32\MPR.dll
0x00007ffcccda0000 - 0x00007ffcccdab000 	C:\WINDOWS\System32\drprov.dll
0x00007ffcd5d20000 - 0x00007ffcd5d76000 	C:\WINDOWS\System32\WINSTA.dll
0x00007ffccbe00000 - 0x00007ffccbe16000 	C:\WINDOWS\System32\ntlanman.dll
0x00007ffccb6d0000 - 0x00007ffccb6ed000 	C:\WINDOWS\System32\davclnt.dll
0x00007ffcccb00000 - 0x00007ffcccb0c000 	C:\WINDOWS\System32\DAVHLPR.dll
0x00007ffcd3580000 - 0x00007ffcd3597000 	C:\WINDOWS\System32\wkscli.dll
0x00007ffcd66e0000 - 0x00007ffcd6705000 	C:\WINDOWS\System32\bcrypt.dll
0x00007ffcc2b10000 - 0x00007ffcc2b22000 	C:\WINDOWS\SYSTEM32\cscapi.dll
0x00007ffcd6280000 - 0x00007ffcd628e000 	C:\WINDOWS\System32\netutils.dll
0x00007ffca3440000 - 0x00007ffca348a000 	C:\Windows\System32\dlnashext.dll
0x00007ffc9c880000 - 0x00007ffc9c89e000 	C:\Windows\System32\DevDispItemProvider.dll
0x00007ffcd6990000 - 0x00007ffcd69b7000 	C:\WINDOWS\System32\DEVOBJ.dll
0x00007ffca0a20000 - 0x00007ffca0c01000 	C:\WINDOWS\system32\wpdshext.dll
0x00007ffcb5bc0000 - 0x00007ffcb5d5b000 	C:\WINDOWS\WinSxS\amd64_microsoft.windows.gdiplus_6595b64144ccf1df_1.1.17134.648_none_2c3093ce8af520a0\gdiplus.dll
0x00007ffcd2c50000 - 0x00007ffcd2cec000 	C:\Windows\System32\PortableDeviceApi.dll
0x00007ffcd7d60000 - 0x00007ffcd81ab000 	C:\WINDOWS\System32\SETUPAPI.dll
0x00007ffcd6cc0000 - 0x00007ffcd6d17000 	C:\WINDOWS\System32\WINTRUST.dll
0x00007ffcd6b80000 - 0x00007ffcd6b92000 	C:\WINDOWS\System32\MSASN1.dll
0x00007ffcd7af0000 - 0x00007ffcd7cd2000 	C:\WINDOWS\System32\CRYPT32.dll
0x00007ffcb5030000 - 0x00007ffcb5067000 	C:\Windows\System32\EhStorShell.dll
0x00007ffcc92c0000 - 0x00007ffcc92e5000 	C:\Windows\System32\EhStorAPI.dll
0x00007ffcd2b10000 - 0x00007ffcd2b23000 	C:\Windows\System32\WTSAPI32.dll
0x00007ffcb95c0000 - 0x00007ffcb95cd000 	C:\WINDOWS\SYSTEM32\LINKINFO.dll
0x00007ffcc5790000 - 0x00007ffcc579c000 	C:\WINDOWS\SYSTEM32\Secur32.dll
0x00007ffcd6ab0000 - 0x00007ffcd6ae0000 	C:\WINDOWS\SYSTEM32\SSPICLI.DLL
0x00007ffcd2f90000 - 0x00007ffcd2fa8000 	C:\WINDOWS\SYSTEM32\samcli.dll
0x00007ffcd2f60000 - 0x00007ffcd2f83000 	C:\WINDOWS\SYSTEM32\SAMLIB.dll
0x00007ffcced50000 - 0x00007ffccee6f000 	C:\Windows\System32\MrmCoreR.dll
0x00007ffccf2d0000 - 0x00007ffccf575000 	C:\Windows\System32\iertutil.dll
0x00007ffcceac0000 - 0x00007ffcceae9000 	C:\Windows\System32\bcp47mrm.dll
0x00007ffcbb2e0000 - 0x00007ffcbb324000 	C:\WINDOWS\SYSTEM32\edputil.dll

VM Arguments:
jvm_args: -Dfile.encoding=UTF-8 
java_command: app.Main
java_class_path (initial): C:\Program Files\Java\jre1.8.0_161\lib\resources.jar;C:\Program Files\Java\jre1.8.0_161\lib\rt.jar;C:\Program Files\Java\jre1.8.0_161\lib\jsse.jar;C:\Program Files\Java\jre1.8.0_161\lib\jce.jar;C:\Program Files\Java\jre1.8.0_161\lib\charsets.jar;C:\Program Files\Java\jre1.8.0_161\lib\jfr.jar;C:\Program Files\Java\jre1.8.0_161\lib\ext\access-bridge-64.jar;C:\Program Files\Java\jre1.8.0_161\lib\ext\cldrdata.jar;C:\Program Files\Java\jre1.8.0_161\lib\ext\dnsns.jar;C:\Program Files\Java\jre1.8.0_161\lib\ext\dns_sd.jar;C:\Program Files\Java\jre1.8.0_161\lib\ext\jaccess.jar;C:\Program Files\Java\jre1.8.0_161\lib\ext\jfxrt.jar;C:\Program Files\Java\jre1.8.0_161\lib\ext\localedata.jar;C:\Program Files\Java\jre1.8.0_161\lib\ext\nashorn.jar;C:\Program Files\Java\jre1.8.0_161\lib\ext\sunec.jar;C:\Program Files\Java\jre1.8.0_161\lib\ext\sunjce_provider.jar;C:\Program Files\Java\jre1.8.0_161\lib\ext\sunmscapi.jar;C:\Program Files\Java\jre1.8.0_161\lib\ext\sunpkcs11.jar;C:\Program Files\Java\jre1.8.0_161\lib\ext\zipfs.jar;C:\eclipse-workspace\InfView_UINF_201_2\bin;C:\eclipse-workspace\InfView_UINF_201_2\lib\activation.jar;C:\eclipse-workspace\InfView_UINF_201_2\lib\mail.jar;C:\eclipse-workspace\InfView_UINF_201_2\lib\gson-2.8.5.jar;C:\eclipse-workspace\InfView_UINF_201_2\lib\activation-1.1.jar;C:\eclipse-workspace\InfView_UINF_201_2\lib\btf-1.2.jar;C:\eclipse-workspace\InfView_UINF_201_2\lib\guava-16.0.1.jar;C:\eclipse-workspace\InfView_UINF_201_2\lib\jackson-annotations-2.2.3.jar;C:\eclipse-workspace\InfView_UINF_201_2\lib\jackson-core-2.2.3.jar;C:\eclipse-workspace\InfView_UINF_201_2\lib\jackson-coreutils-1.8.jar;C:\eclipse-workspace\InfView_UINF_201_2\lib\jackson-databind-2.2.3.jar;C:\eclipse-workspace\InfView_UINF_201_2\lib\joda-time-2.3.jar;C:\eclipse-workspace\InfView_UINF_201_2\lib\jopt-simple-4.6.jar;C:\eclipse-workspace\InfView_UINF_201_2\lib\json-schema-core-1.2.5.jar;C:\eclipse-workspace\InfView_UINF_201_2\lib\json-schema-validator-2.2.6.j
Launcher Type: SUN_STANDARD

Environment Variables:
JAVA_HOME=F:\Program Files\Java\jdk1.8.0_151
PATH=C:/Program Files/Java/jre1.8.0_161/bin/server;C:/Program Files/Java/jre1.8.0_161/bin;C:/Program Files/Java/jre1.8.0_161/lib/amd64;C:\Program Files (x86)\Python36-32\Scripts\;C:\Program Files (x86)\Python36-32\;C:\Program Files (x86)\Common Files\Intel\Shared Files\cpp\bin\Intel64;C:\ProgramData\Oracle\Java\javapath;C:\WINDOWS\system32;C:\WINDOWS;C:\WINDOWS\System32\Wbem;C:\WINDOWS\System32\WindowsPowerShell\v1.0\;C:\WINDOWS\System32\OpenSSH\;D:\Brackets\command;C:\Program Files\Git\cmd;C:\Users\Nemanja\AppData\Local\Microsoft\WindowsApps;C:\Program Files\Java\jdk-9.0.4\bin;C:\Users\Nemanja\AppData\Local\GitHubDesktop\bin;C:\Users\Nemanja\Desktop\Eclipse;
USERNAME=Nemanja
OS=Windows_NT
PROCESSOR_IDENTIFIER=Intel64 Family 6 Model 94 Stepping 3, GenuineIntel



---------------  S Y S T E M  ---------------

OS: Windows 10.0 , 64 bit Build 17134 (10.0.17134.648)

CPU:total 4 (initial active 4) (4 cores per cpu, 1 threads per core) family 6 model 94 stepping 3, cmov, cx8, fxsr, mmx, sse, sse2, sse3, ssse3, sse4.1, sse4.2, popcnt, avx, avx2, aes, clmul, erms, rtm, 3dnowpref, lzcnt, tsc, tscinvbit, bmi1, bmi2, adx

Memory: 4k page, physical 16731976k(3109272k free), swap 47186244k(1420k free)

vm_info: Java HotSpot(TM) 64-Bit Server VM (25.161-b12) for windows-amd64 JRE (1.8.0_161-b12), built on Dec 19 2017 17:52:25 by "java_re" with MS VC++ 10.0 (VS2010)

time: Sun Mar 31 00:32:29 2019
elapsed time: 5107 seconds (0d 1h 25m 7s)

